<?xml version="1.0" encoding="UTF-8"?>
<TestRun id="ac8a3dfc-873d-4e3e-b2e1-2c5f54e2d7f0" name="paul@PC49 2010-07-21 11:28:58" runUser="ATCORAU\paul" xmlns="http://microsoft.com/schemas/VisualStudio/TeamTest/2006">
  <TestRunConfiguration name="Local Test Run" id="c74d9c15-705c-4840-9d86-d3aad6609adf">
    <Description>This is a default test run configuration for a local test run.</Description>
    <Deployment runDeploymentRoot="C:\Users\paul\Documents\Visual Studio 2008\Projects\biz\TestResults\paul_PC49 2010-07-21 11_28_58">
      <DeploymentItem filename="c:\Users\paul\Documents\Visual Studio 2008\Projects\biz\Debug\biz.dll" />
    </Deployment>
    <TestTypeSpecific />
  </TestRunConfiguration>
  <ResultSummary outcome="Failed">
    <Counters total="1" executed="1" error="0" failed="1" timeout="0" aborted="0" inconclusive="0" passedButRunAborted="0" notRunnable="0" notExecuted="0" disconnected="0" warning="0" passed="0" completed="0" inProgress="0" pending="0" />
  </ResultSummary>
  <Times creation="2010-07-21T11:28:58.3376413+10:00" queuing="2010-07-21T11:29:01.3401418+10:00" start="2010-07-21T11:29:01.8273853+10:00" finish="2010-07-21T11:35:20.4677202+10:00" />
  <TestDefinitions>
    <UnitTest name="IndexOfExtremumTest" storage="c:\users\paul\documents\visual studio 2008\projects\biz\debug\testbiz.dll" id="bcc1e447-2900-1168-938b-dd6541d2819e">
      <Css projectStructure="" iteration="" />
      <Owners>
        <Owner name="" />
      </Owners>
      <Execution id="aa6bcb19-5dfe-4e02-9b04-2e8fcc2116e0" />
      <TestMethod codeBase="c:\Users\paul\Documents\Visual Studio 2008\Projects\biz\Debug\TestBiz.dll" adapterTypeName="Microsoft.VisualStudio.TestTools.TestTypes.Unit.UnitTestAdapter, Microsoft.VisualStudio.QualityTools.Tips.UnitTest.Adapter, Version=9.0.0.0, Culture=neutral, PublicKeyToken=b03f5f7f11d50a3a" className="TestBiz.BizMathTest, TestBiz" name="IndexOfExtremumTest" />
    </UnitTest>
  </TestDefinitions>
  <TestLists>
    <TestList name="Results Not in a List" id="8c84fa94-04c1-424b-9868-57a2d4851a1d" />
    <TestList name="All Loaded Results" id="19431567-8539-422a-85d7-44ee4e166bda" />
  </TestLists>
  <TestEntries>
    <TestEntry testId="bcc1e447-2900-1168-938b-dd6541d2819e" executionId="aa6bcb19-5dfe-4e02-9b04-2e8fcc2116e0" testListId="8c84fa94-04c1-424b-9868-57a2d4851a1d" />
  </TestEntries>
  <Results>
    <UnitTestResult executionId="aa6bcb19-5dfe-4e02-9b04-2e8fcc2116e0" testId="bcc1e447-2900-1168-938b-dd6541d2819e" testName="IndexOfExtremumTest" computerName="PC49" duration="00:06:15.4547535" startTime="2010-07-21T11:29:02.2065748+10:00" endTime="2010-07-21T11:35:19.2562358+10:00" testType="13cdc9d9-ddb5-4fa4-a97d-d965ccfc6d4b" outcome="Failed" testListId="8c84fa94-04c1-424b-9868-57a2d4851a1d">
      <Output>
        <ErrorInfo>
          <Message>Assert.AreEqual failed. Expected:&lt;4&gt;. Actual:&lt;-1&gt;. </Message>
          <StackTrace>   at TestBiz.BizMathTest.IndexOfExtremumTest() in c:\users\paul\documents\visual studio 2008\projects\biz\testbiz\bizmathtest.cpp:line 234
</StackTrace>
        </ErrorInfo>
      </Output>
    </UnitTestResult>
  </Results>
</TestRun>