<?xml version="1.0" encoding="UTF-8"?>
<TestRun id="3a51db97-72dd-45b4-b827-77297d838f72" name="paul@PC49 2010-07-21 11:35:55" runUser="ATCORAU\paul" xmlns="http://microsoft.com/schemas/VisualStudio/TeamTest/2006">
  <TestRunConfiguration name="Local Test Run" id="c74d9c15-705c-4840-9d86-d3aad6609adf">
    <Description>This is a default test run configuration for a local test run.</Description>
    <Deployment runDeploymentRoot="C:\Users\paul\Documents\Visual Studio 2008\Projects\biz\TestResults\paul_PC49 2010-07-21 11_35_55">
      <DeploymentItem filename="c:\Users\paul\Documents\Visual Studio 2008\Projects\biz\Debug\biz.dll" />
    </Deployment>
    <TestTypeSpecific />
  </TestRunConfiguration>
  <ResultSummary outcome="Failed">
    <Counters total="1" executed="1" error="0" failed="1" timeout="0" aborted="0" inconclusive="0" passedButRunAborted="0" notRunnable="0" notExecuted="0" disconnected="0" warning="0" passed="0" completed="0" inProgress="0" pending="0" />
  </ResultSummary>
  <Times creation="2010-07-21T11:35:55.0005278+10:00" queuing="2010-07-21T11:35:57.6575902+10:00" start="2010-07-21T11:35:58.1687946+10:00" finish="2010-07-21T11:38:44.9454786+10:00" />
  <TestDefinitions>
    <UnitTest name="IndexOfExtremumTest" storage="c:\users\paul\documents\visual studio 2008\projects\biz\debug\testbiz.dll" id="bcc1e447-2900-1168-938b-dd6541d2819e">
      <Css projectStructure="" iteration="" />
      <Owners>
        <Owner name="" />
      </Owners>
      <Execution id="28c5c3b1-dd1f-4226-b679-861472be69b7" />
      <TestMethod codeBase="c:\Users\paul\Documents\Visual Studio 2008\Projects\biz\Debug\TestBiz.dll" adapterTypeName="Microsoft.VisualStudio.TestTools.TestTypes.Unit.UnitTestAdapter, Microsoft.VisualStudio.QualityTools.Tips.UnitTest.Adapter, Version=9.0.0.0, Culture=neutral, PublicKeyToken=b03f5f7f11d50a3a" className="TestBiz.BizMathTest, TestBiz" name="IndexOfExtremumTest" />
    </UnitTest>
  </TestDefinitions>
  <TestLists>
    <TestList name="Results Not in a List" id="8c84fa94-04c1-424b-9868-57a2d4851a1d" />
    <TestList name="All Loaded Results" id="19431567-8539-422a-85d7-44ee4e166bda" />
  </TestLists>
  <TestEntries>
    <TestEntry testId="bcc1e447-2900-1168-938b-dd6541d2819e" executionId="28c5c3b1-dd1f-4226-b679-861472be69b7" testListId="8c84fa94-04c1-424b-9868-57a2d4851a1d" />
  </TestEntries>
  <Results>
    <UnitTestResult executionId="28c5c3b1-dd1f-4226-b679-861472be69b7" testId="bcc1e447-2900-1168-938b-dd6541d2819e" testName="IndexOfExtremumTest" computerName="PC49" duration="00:02:43.6246098" startTime="2010-07-21T11:35:58.5659534+10:00" endTime="2010-07-21T11:38:43.7510010+10:00" testType="13cdc9d9-ddb5-4fa4-a97d-d965ccfc6d4b" outcome="Failed" testListId="8c84fa94-04c1-424b-9868-57a2d4851a1d">
      <Output>
        <ErrorInfo>
          <Message>Assert.AreEqual failed. Expected:&lt;4&gt;. Actual:&lt;-1&gt;. </Message>
          <StackTrace>   at TestBiz.BizMathTest.IndexOfExtremumTest() in c:\users\paul\documents\visual studio 2008\projects\biz\testbiz\bizmathtest.cpp:line 234
</StackTrace>
        </ErrorInfo>
      </Output>
    </UnitTestResult>
  </Results>
</TestRun>