<?xml version="1.0" encoding="UTF-8"?>
<TestRun id="25245822-03e7-4119-9e26-79574ed7cba0" name="paul@PC49 2010-07-21 10:56:36" runUser="ATCORAU\paul" xmlns="http://microsoft.com/schemas/VisualStudio/TeamTest/2006">
  <TestRunConfiguration name="Local Test Run" id="c74d9c15-705c-4840-9d86-d3aad6609adf">
    <Description>This is a default test run configuration for a local test run.</Description>
    <Deployment runDeploymentRoot="C:\Users\paul\Documents\Visual Studio 2008\Projects\biz\TestResults\paul_PC49 2010-07-21 10_56_36">
      <DeploymentItem filename="c:\Users\paul\Documents\Visual Studio 2008\Projects\biz\Debug\biz.dll" />
    </Deployment>
    <TestTypeSpecific />
  </TestRunConfiguration>
  <ResultSummary outcome="Completed">
    <Counters total="1" executed="1" passed="1" error="0" failed="0" timeout="0" aborted="0" inconclusive="0" passedButRunAborted="0" notRunnable="0" notExecuted="0" disconnected="0" warning="0" completed="0" inProgress="0" pending="0" />
  </ResultSummary>
  <Times creation="2010-07-21T10:56:36.5725740+10:00" queuing="2010-07-21T10:56:36.8935740+10:00" start="2010-07-21T10:56:37.0315740+10:00" finish="2010-07-21T10:56:37.5725740+10:00" />
  <TestDefinitions>
    <UnitTest name="MaxInArrayTest" storage="c:\users\paul\documents\visual studio 2008\projects\biz\debug\testbiz.dll" id="6a6efe9c-ce41-6858-052d-160bda5471b5">
      <Css projectStructure="" iteration="" />
      <Owners>
        <Owner name="" />
      </Owners>
      <DeploymentItems>
        <DeploymentItem filename="TestBiz\MaxInArray.csv" />
      </DeploymentItems>
      <Execution id="d15d61cc-9117-408c-b696-676397e58168" />
      <TestMethod codeBase="c:\Users\paul\Documents\Visual Studio 2008\Projects\biz\Debug\TestBiz.dll" adapterTypeName="Microsoft.VisualStudio.TestTools.TestTypes.Unit.UnitTestAdapter, Microsoft.VisualStudio.QualityTools.Tips.UnitTest.Adapter, Version=9.0.0.0, Culture=neutral, PublicKeyToken=b03f5f7f11d50a3a" className="TestBiz.BizMathTest, TestBiz" name="MaxInArrayTest" />
    </UnitTest>
  </TestDefinitions>
  <TestLists>
    <TestList name="Results Not in a List" id="8c84fa94-04c1-424b-9868-57a2d4851a1d" />
    <TestList name="All Loaded Results" id="19431567-8539-422a-85d7-44ee4e166bda" />
  </TestLists>
  <TestEntries>
    <TestEntry testId="6a6efe9c-ce41-6858-052d-160bda5471b5" executionId="d15d61cc-9117-408c-b696-676397e58168" testListId="8c84fa94-04c1-424b-9868-57a2d4851a1d" />
  </TestEntries>
  <Results>
    <UnitTestResult executionId="d15d61cc-9117-408c-b696-676397e58168" testId="6a6efe9c-ce41-6858-052d-160bda5471b5" testName="MaxInArrayTest" computerName="PC49" duration="00:00:00.1781430" startTime="2010-07-21T10:56:37.0785740+10:00" endTime="2010-07-21T10:56:37.5335740+10:00" testType="13cdc9d9-ddb5-4fa4-a97d-d965ccfc6d4b" outcome="Passed" testListId="8c84fa94-04c1-424b-9868-57a2d4851a1d">
      <Output>
      </Output>
    </UnitTestResult>
  </Results>
</TestRun>