<?xml version="1.0" encoding="UTF-8"?>
<TestRun id="a960fa98-7e7f-437b-bdd4-9bd6399ff427" name="paul@PC49 2010-07-21 11:47:30" runUser="ATCORAU\paul" xmlns="http://microsoft.com/schemas/VisualStudio/TeamTest/2006">
  <TestRunConfiguration name="Local Test Run" id="c74d9c15-705c-4840-9d86-d3aad6609adf">
    <Description>This is a default test run configuration for a local test run.</Description>
    <Deployment runDeploymentRoot="C:\Users\paul\Documents\Visual Studio 2008\Projects\biz\TestResults\paul_PC49 2010-07-21 11_47_30">
      <DeploymentItem filename="c:\Users\paul\Documents\Visual Studio 2008\Projects\biz\Debug\biz.dll" />
    </Deployment>
    <TestTypeSpecific />
  </TestRunConfiguration>
  <ResultSummary outcome="Completed">
    <Counters total="1" executed="1" passed="1" error="0" failed="0" timeout="0" aborted="0" inconclusive="0" passedButRunAborted="0" notRunnable="0" notExecuted="0" disconnected="0" warning="0" completed="0" inProgress="0" pending="0" />
  </ResultSummary>
  <Times creation="2010-07-21T11:47:30.2086432+10:00" queuing="2010-07-21T11:47:30.3837482+10:00" start="2010-07-21T11:47:30.4457854+10:00" finish="2010-07-21T11:47:30.7939942+10:00" />
  <TestDefinitions>
    <UnitTest name="FunctionValueTest" storage="c:\users\paul\documents\visual studio 2008\projects\biz\debug\testbiz.dll" id="e28dd569-50e4-9f8e-23bb-2b71da05cff7">
      <Css projectStructure="" iteration="" />
      <Owners>
        <Owner name="" />
      </Owners>
      <Execution id="15a480d0-4582-4025-af9e-cbee7452369b" />
      <TestMethod codeBase="c:\Users\paul\Documents\Visual Studio 2008\Projects\biz\Debug\TestBiz.dll" adapterTypeName="Microsoft.VisualStudio.TestTools.TestTypes.Unit.UnitTestAdapter, Microsoft.VisualStudio.QualityTools.Tips.UnitTest.Adapter, Version=9.0.0.0, Culture=neutral, PublicKeyToken=b03f5f7f11d50a3a" className="TestBiz.BizMathTest, TestBiz" name="FunctionValueTest" />
    </UnitTest>
  </TestDefinitions>
  <TestLists>
    <TestList name="Results Not in a List" id="8c84fa94-04c1-424b-9868-57a2d4851a1d" />
    <TestList name="All Loaded Results" id="19431567-8539-422a-85d7-44ee4e166bda" />
  </TestLists>
  <TestEntries>
    <TestEntry testId="e28dd569-50e4-9f8e-23bb-2b71da05cff7" executionId="15a480d0-4582-4025-af9e-cbee7452369b" testListId="8c84fa94-04c1-424b-9868-57a2d4851a1d" />
  </TestEntries>
  <Results>
    <UnitTestResult executionId="15a480d0-4582-4025-af9e-cbee7452369b" testId="e28dd569-50e4-9f8e-23bb-2b71da05cff7" testName="FunctionValueTest" computerName="PC49" duration="00:00:00.0931515" startTime="2010-07-21T11:47:30.4507884+10:00" endTime="2010-07-21T11:47:30.7729816+10:00" testType="13cdc9d9-ddb5-4fa4-a97d-d965ccfc6d4b" outcome="Passed" testListId="8c84fa94-04c1-424b-9868-57a2d4851a1d">
      <Output>
      </Output>
    </UnitTestResult>
  </Results>
</TestRun>