<?xml version="1.0" encoding="UTF-8"?>
<TestRun id="c5f019e3-37f3-473e-a93c-4750a83e99a0" name="paul@PC49 2010-07-21 14:59:43" runUser="ATCORAU\paul" xmlns="http://microsoft.com/schemas/VisualStudio/TeamTest/2006">
  <TestRunConfiguration name="Local Test Run" id="c74d9c15-705c-4840-9d86-d3aad6609adf">
    <Description>This is a default test run configuration for a local test run.</Description>
    <Deployment runDeploymentRoot="C:\Users\paul\Documents\Visual Studio 2008\Projects\biz\TestResults\paul_PC49 2010-07-21 14_59_43">
      <DeploymentItem filename="c:\Users\paul\Documents\Visual Studio 2008\Projects\biz\Debug\biz.dll" />
    </Deployment>
    <TestTypeSpecific />
  </TestRunConfiguration>
  <ResultSummary outcome="Completed">
    <Counters total="1" executed="1" passed="1" error="0" failed="0" timeout="0" aborted="0" inconclusive="0" passedButRunAborted="0" notRunnable="0" notExecuted="0" disconnected="0" warning="0" completed="0" inProgress="0" pending="0" />
  </ResultSummary>
  <Times creation="2010-07-21T14:59:43.9822696+10:00" queuing="2010-07-21T14:59:46.6178500+10:00" start="2010-07-21T14:59:47.1051422+10:00" finish="2010-07-21T15:02:13.7170566+10:00" />
  <TestDefinitions>
    <UnitTest name="SplineTest" storage="c:\users\paul\documents\visual studio 2008\projects\biz\debug\testbiz.dll" id="9b5ac021-871a-ff1b-a751-0500118f99e8">
      <Css projectStructure="" iteration="" />
      <Owners>
        <Owner name="" />
      </Owners>
      <Execution id="9621f1a4-e686-4e6a-a884-f847e311bf1e" />
      <TestMethod codeBase="c:\Users\paul\Documents\Visual Studio 2008\Projects\biz\Debug\TestBiz.dll" adapterTypeName="Microsoft.VisualStudio.TestTools.TestTypes.Unit.UnitTestAdapter, Microsoft.VisualStudio.QualityTools.Tips.UnitTest.Adapter, Version=9.0.0.0, Culture=neutral, PublicKeyToken=b03f5f7f11d50a3a" className="TestBiz.BizMathTest, TestBiz" name="SplineTest" />
    </UnitTest>
  </TestDefinitions>
  <TestLists>
    <TestList name="Results Not in a List" id="8c84fa94-04c1-424b-9868-57a2d4851a1d" />
    <TestList name="All Loaded Results" id="19431567-8539-422a-85d7-44ee4e166bda" />
  </TestLists>
  <TestEntries>
    <TestEntry testId="9b5ac021-871a-ff1b-a751-0500118f99e8" executionId="9621f1a4-e686-4e6a-a884-f847e311bf1e" testListId="8c84fa94-04c1-424b-9868-57a2d4851a1d" />
  </TestEntries>
  <Results>
    <UnitTestResult executionId="9621f1a4-e686-4e6a-a884-f847e311bf1e" testId="9b5ac021-871a-ff1b-a751-0500118f99e8" testName="SplineTest" computerName="PC49" duration="00:02:23.8143382" startTime="2010-07-21T14:59:47.4793666+10:00" endTime="2010-07-21T15:02:12.6003870+10:00" testType="13cdc9d9-ddb5-4fa4-a97d-d965ccfc6d4b" outcome="Passed" testListId="8c84fa94-04c1-424b-9868-57a2d4851a1d">
      <Output>
      </Output>
    </UnitTestResult>
  </Results>
</TestRun>