<?xml version="1.0" encoding="UTF-8"?>
<TestRun id="e3fdafb1-3326-4632-a449-f231f61dbfe1" name="paul@PC49 2010-07-21 15:13:50" runUser="ATCORAU\paul" xmlns="http://microsoft.com/schemas/VisualStudio/TeamTest/2006">
  <TestRunConfiguration name="Local Test Run" id="c74d9c15-705c-4840-9d86-d3aad6609adf">
    <Description>This is a default test run configuration for a local test run.</Description>
    <Deployment runDeploymentRoot="C:\Users\paul\Documents\Visual Studio 2008\Projects\biz\TestResults\paul_PC49 2010-07-21 15_13_50">
      <DeploymentItem filename="c:\Users\paul\Documents\Visual Studio 2008\Projects\biz\Debug\biz.dll" />
    </Deployment>
    <TestTypeSpecific />
  </TestRunConfiguration>
  <ResultSummary outcome="Completed">
    <Counters total="1" executed="1" passed="1" error="0" failed="0" timeout="0" aborted="0" inconclusive="0" passedButRunAborted="0" notRunnable="0" notExecuted="0" disconnected="0" warning="0" completed="0" inProgress="0" pending="0" />
  </ResultSummary>
  <Times creation="2010-07-21T15:13:50.2242106+10:00" queuing="2010-07-21T15:13:50.4623296+10:00" start="2010-07-21T15:13:50.5343656+10:00" finish="2010-07-21T15:13:50.8965466+10:00" />
  <TestDefinitions>
    <UnitTest name="MinMaxInArrayTest1" storage="c:\users\paul\documents\visual studio 2008\projects\biz\debug\testbiz.dll" id="99dc0859-7671-b0c6-7536-cdf797f8b7b3">
      <Css projectStructure="" iteration="" />
      <Owners>
        <Owner name="" />
      </Owners>
      <Execution id="bd041b53-02d3-4289-a80d-f58ff3efe3a4" />
      <TestMethod codeBase="c:\Users\paul\Documents\Visual Studio 2008\Projects\biz\Debug\TestBiz.dll" adapterTypeName="Microsoft.VisualStudio.TestTools.TestTypes.Unit.UnitTestAdapter, Microsoft.VisualStudio.QualityTools.Tips.UnitTest.Adapter, Version=9.0.0.0, Culture=neutral, PublicKeyToken=b03f5f7f11d50a3a" className="TestBiz.BizMathTest, TestBiz" name="MinMaxInArrayTest1" />
    </UnitTest>
  </TestDefinitions>
  <TestLists>
    <TestList name="Results Not in a List" id="8c84fa94-04c1-424b-9868-57a2d4851a1d" />
    <TestList name="All Loaded Results" id="19431567-8539-422a-85d7-44ee4e166bda" />
  </TestLists>
  <TestEntries>
    <TestEntry testId="99dc0859-7671-b0c6-7536-cdf797f8b7b3" executionId="bd041b53-02d3-4289-a80d-f58ff3efe3a4" testListId="8c84fa94-04c1-424b-9868-57a2d4851a1d" />
  </TestEntries>
  <Results>
    <UnitTestResult executionId="bd041b53-02d3-4289-a80d-f58ff3efe3a4" testId="99dc0859-7671-b0c6-7536-cdf797f8b7b3" testName="MinMaxInArrayTest1" computerName="PC49" duration="00:00:00.0921241" startTime="2010-07-21T15:13:50.5623796+10:00" endTime="2010-07-21T15:13:50.8815391+10:00" testType="13cdc9d9-ddb5-4fa4-a97d-d965ccfc6d4b" outcome="Passed" testListId="8c84fa94-04c1-424b-9868-57a2d4851a1d">
      <Output>
      </Output>
    </UnitTestResult>
  </Results>
</TestRun>